<?xml version="1.0" encoding="UTF-8"?>
<!-- Generated by org.testng.reporters.JUnitReportReporter -->
<testsuite skipped="0" hostname="CHE7-L21298" name="cucumberOpt.TestRunner" tests="1" failures="0" timestamp="2020-06-10T17:22:10 IST" time="0.006" errors="0">
  <testcase name="start" time="0.006" classname="cucumberOpt.TestRunner"/>
  <system-out/>
</testsuite> <!-- cucumberOpt.TestRunner -->
